C:\PROGRAMDATA\BROWSERPROTECT\2.6.1125.80\{C16C1CCB-7046-4E5C-A2F3-533AD2FEC8E8}\BROWSERPROTECT.SETTINGS
C:\PROGRAMDATA\BROWSERPROTECT\2.6.1125.80\{C16C1CCB-7046-4E5C-A2F3-533AD2FEC8E8}\TRAKING_SETTINGS\00
C:\PROGRAMDATA\BROWSERPROTECT\2.6.1125.80\{C16C1CCB-7046-4E5C-A2F3-533AD2FEC8E8}\TRAKING_SETTINGS\01
C:\PROGRAMDATA\BROWSERPROTECT\2.6.1125.80\{C16C1CCB-7046-4E5C-A2F3-533AD2FEC8E8}\TRAKING_SETTINGS\02
C:\PROGRAMDATA\BROWSERPROTECT\2.6.1125.80\{C16C1CCB-7046-4E5C-A2F3-533AD2FEC8E8}\TRAKING_SETTINGS\03
C:\PROGRAMDATA\BROWSERPROTECT\2.6.1125.80\{C16C1CCB-7046-4E5C-A2F3-533AD2FEC8E8}\TRAKING_SETTINGS\10
C:\PROGRAMDATA\BROWSERPROTECT\2.6.1125.80\{C16C1CCB-7046-4E5C-A2F3-533AD2FEC8E8}\TRAKING_SETTINGS\11
C:\PROGRAMDATA\BROWSERPROTECT\2.6.1125.80\{C16C1CCB-7046-4E5C-A2F3-533AD2FEC8E8}\TRAKING_SETTINGS\12
C:\PROGRAMDATA\BROWSERPROTECT\2.6.1125.80\{C16C1CCB-7046-4E5C-A2F3-533AD2FEC8E8}\TRAKING_SETTINGS\13
C:\PROGRAMDATA\BROWSERPROTECT\2.6.1125.80\{C16C1CCB-7046-4E5C-A2F3-533AD2FEC8E8}\TRAKING_SETTINGS\20
C:\PROGRAMDATA\BROWSERPROTECT\2.6.1125.80\{C16C1CCB-7046-4E5C-A2F3-533AD2FEC8E8}\TRAKING_SETTINGS\21
C:\PROGRAMDATA\BROWSERPROTECT\2.6.1125.80\{C16C1CCB-7046-4E5C-A2F3-533AD2FEC8E8}\TRAKING_SETTINGS\22
C:\PROGRAMDATA\BROWSERPROTECT\2.6.1125.80\{C16C1CCB-7046-4E5C-A2F3-533AD2FEC8E8}\TRAKING_SETTINGS\23
C:\USERS\ALEXANDER\DOCUMENTS\GITHUB\HEROFALL\HEROFALL\DEBUG\ANIMATION.OBJ
C:\USERS\ALEXANDER\DOCUMENTS\GITHUB\HEROFALL\HEROFALL\DEBUG\ANIMATIONMANAGER.OBJ
C:\USERS\ALEXANDER\DOCUMENTS\GITHUB\HEROFALL\HEROFALL\DEBUG\AUDIOASSETSPATHLOADER.OBJ
C:\USERS\ALEXANDER\DOCUMENTS\GITHUB\HEROFALL\HEROFALL\DEBUG\AUDIOLOADER.OBJ
C:\USERS\ALEXANDER\DOCUMENTS\GITHUB\HEROFALL\HEROFALL\DEBUG\AUDIOMIXER.OBJ
C:\USERS\ALEXANDER\DOCUMENTS\GITHUB\HEROFALL\HEROFALL\DEBUG\CHARACTER.OBJ
C:\Users\Alexander\Documents\GitHub\HeroFall\HeroFall\Debug\cl.command.1.tlog
C:\Users\Alexander\Documents\GitHub\HeroFall\HeroFall\Debug\CL.read.1.tlog
C:\Users\Alexander\Documents\GitHub\HeroFall\HeroFall\Debug\CL.write.1.tlog
C:\USERS\ALEXANDER\DOCUMENTS\GITHUB\HEROFALL\HEROFALL\DEBUG\ENEMY.OBJ
C:\USERS\ALEXANDER\DOCUMENTS\GITHUB\HEROFALL\HEROFALL\DEBUG\ENEMYGOBLIN.OBJ
C:\USERS\ALEXANDER\DOCUMENTS\GITHUB\HEROFALL\HEROFALL\DEBUG\ENEMYPLACEHOLDER.OBJ
C:\USERS\ALEXANDER\DOCUMENTS\GITHUB\HEROFALL\HEROFALL\DEBUG\ENEMYSHOOTER.OBJ
C:\USERS\ALEXANDER\DOCUMENTS\GITHUB\HEROFALL\HEROFALL\DEBUG\ENEMYTROLL.OBJ
C:\USERS\ALEXANDER\DOCUMENTS\GITHUB\HEROFALL\HEROFALL\DEBUG\GAME.OBJ
C:\USERS\ALEXANDER\DOCUMENTS\GITHUB\HEROFALL\HEROFALL\DEBUG\GAMEOBJECT.OBJ
C:\USERS\ALEXANDER\DOCUMENTS\GITHUB\HEROFALL\HEROFALL\DEBUG\GAMEOVER.OBJ
C:\USERS\ALEXANDER\DOCUMENTS\GITHUB\HEROFALL\HEROFALL\DEBUG\HEROFALL.EXE
C:\USERS\ALEXANDER\DOCUMENTS\GITHUB\HEROFALL\HEROFALL\DEBUG\HEROFALL.EXE.INTERMEDIATE.MANIFEST
C:\USERS\ALEXANDER\DOCUMENTS\GITHUB\HEROFALL\HEROFALL\DEBUG\HEROFALL.ILK
C:\USERS\ALEXANDER\DOCUMENTS\GITHUB\HEROFALL\HEROFALL\DEBUG\HEROFALL.PDB
C:\USERS\ALEXANDER\DOCUMENTS\GITHUB\HEROFALL\HEROFALL\DEBUG\INPUTMANAGER.OBJ
C:\USERS\ALEXANDER\DOCUMENTS\GITHUB\HEROFALL\HEROFALL\DEBUG\LEVELMANAGER.OBJ
C:\USERS\ALEXANDER\DOCUMENTS\GITHUB\HEROFALL\HEROFALL\DEBUG\LEVELOBJECT.OBJ
C:\USERS\ALEXANDER\DOCUMENTS\GITHUB\HEROFALL\HEROFALL\DEBUG\LEVELOBJECTPLATTFORM.OBJ
C:\USERS\ALEXANDER\DOCUMENTS\GITHUB\HEROFALL\HEROFALL\DEBUG\LEVELOBJECTRECTANGLE.OBJ
C:\Users\Alexander\Documents\GitHub\HeroFall\HeroFall\Debug\link.command.1.tlog
C:\Users\Alexander\Documents\GitHub\HeroFall\HeroFall\Debug\link.read.1.tlog
C:\Users\Alexander\Documents\GitHub\HeroFall\HeroFall\Debug\link.write.1.tlog
C:\USERS\ALEXANDER\DOCUMENTS\GITHUB\HEROFALL\HEROFALL\DEBUG\MAIN.OBJ
C:\USERS\ALEXANDER\DOCUMENTS\GITHUB\HEROFALL\HEROFALL\DEBUG\MENUS.OBJ
C:\Users\Alexander\Documents\GitHub\HeroFall\HeroFall\Debug\mt.command.1.tlog
C:\Users\Alexander\Documents\GitHub\HeroFall\HeroFall\Debug\mt.read.1.tlog
C:\Users\Alexander\Documents\GitHub\HeroFall\HeroFall\Debug\mt.write.1.tlog
C:\USERS\ALEXANDER\DOCUMENTS\GITHUB\HEROFALL\HEROFALL\DEBUG\PLAYER.OBJ
C:\USERS\ALEXANDER\DOCUMENTS\GITHUB\HEROFALL\HEROFALL\DEBUG\SETTINGSMANAGER.OBJ
C:\USERS\ALEXANDER\DOCUMENTS\GITHUB\HEROFALL\HEROFALL\DEBUG\SETTINGSOBJECT.OBJ
C:\USERS\ALEXANDER\DOCUMENTS\GITHUB\HEROFALL\HEROFALL\DEBUG\SPRITE.OBJ
C:\USERS\ALEXANDER\DOCUMENTS\GITHUB\HEROFALL\HEROFALL\DEBUG\SPRITESHEET.OBJ
C:\USERS\ALEXANDER\DOCUMENTS\GITHUB\HEROFALL\HEROFALL\DEBUG\SPRITESHEETLOADER.OBJ
C:\USERS\ALEXANDER\DOCUMENTS\GITHUB\HEROFALL\HEROFALL\DEBUG\STATEMANAGER.OBJ
C:\USERS\ALEXANDER\DOCUMENTS\GITHUB\HEROFALL\HEROFALL\DEBUG\SWORDBEHAVIOR.OBJ
C:\USERS\ALEXANDER\DOCUMENTS\GITHUB\HEROFALL\HEROFALL\DEBUG\SWORDBEHAVIORFIRERUSH.OBJ
C:\USERS\ALEXANDER\DOCUMENTS\GITHUB\HEROFALL\HEROFALL\DEBUG\SWORDBEHAVIORUPANDDOWN.OBJ
C:\USERS\ALEXANDER\DOCUMENTS\GITHUB\HEROFALL\HEROFALL\DEBUG\UIBUTTON.OBJ
C:\USERS\ALEXANDER\DOCUMENTS\GITHUB\HEROFALL\HEROFALL\DEBUG\UTIL.OBJ
C:\Users\Alexander\Documents\GitHub\HeroFall\HeroFall\Debug\vc100.idb
C:\USERS\ALEXANDER\DOCUMENTS\GITHUB\HEROFALL\HEROFALL\DEBUG\VC100.PDB
C:\USERS\AXEL\DOCUMENTS\GITHUB\HEROFALL\HEROFALL\DEBUG\ANIMATION.OBJ
C:\USERS\AXEL\DOCUMENTS\GITHUB\HEROFALL\HEROFALL\DEBUG\ANIMATIONMANAGER.OBJ
C:\USERS\AXEL\DOCUMENTS\GITHUB\HEROFALL\HEROFALL\DEBUG\AUDIOASSETSPATHLOADER.OBJ
C:\USERS\AXEL\DOCUMENTS\GITHUB\HEROFALL\HEROFALL\DEBUG\AUDIOLOADER.OBJ
C:\USERS\AXEL\DOCUMENTS\GITHUB\HEROFALL\HEROFALL\DEBUG\AUDIOMIXER.OBJ
C:\USERS\AXEL\DOCUMENTS\GITHUB\HEROFALL\HEROFALL\DEBUG\CHARACTER.OBJ
C:\USERS\AXEL\DOCUMENTS\GITHUB\HEROFALL\HEROFALL\DEBUG\ENEMY.OBJ
C:\USERS\AXEL\DOCUMENTS\GITHUB\HEROFALL\HEROFALL\DEBUG\ENEMYGOBLIN.OBJ
C:\USERS\AXEL\DOCUMENTS\GITHUB\HEROFALL\HEROFALL\DEBUG\ENEMYPLACEHOLDER.OBJ
C:\USERS\AXEL\DOCUMENTS\GITHUB\HEROFALL\HEROFALL\DEBUG\ENEMYSHOOTER.OBJ
C:\USERS\AXEL\DOCUMENTS\GITHUB\HEROFALL\HEROFALL\DEBUG\ENEMYTROLL.OBJ
C:\USERS\AXEL\DOCUMENTS\GITHUB\HEROFALL\HEROFALL\DEBUG\GAME.OBJ
C:\USERS\AXEL\DOCUMENTS\GITHUB\HEROFALL\HEROFALL\DEBUG\GAMEOBJECT.OBJ
C:\USERS\AXEL\DOCUMENTS\GITHUB\HEROFALL\HEROFALL\DEBUG\GAMEOVER.OBJ
C:\USERS\AXEL\DOCUMENTS\GITHUB\HEROFALL\HEROFALL\DEBUG\HEROFALL.EXE
C:\USERS\AXEL\DOCUMENTS\GITHUB\HEROFALL\HEROFALL\DEBUG\HEROFALL.EXE.INTERMEDIATE.MANIFEST
C:\USERS\AXEL\DOCUMENTS\GITHUB\HEROFALL\HEROFALL\DEBUG\HEROFALL.ILK
C:\USERS\AXEL\DOCUMENTS\GITHUB\HEROFALL\HEROFALL\DEBUG\HEROFALL.PDB
C:\USERS\AXEL\DOCUMENTS\GITHUB\HEROFALL\HEROFALL\DEBUG\INPUTMANAGER.OBJ
C:\USERS\AXEL\DOCUMENTS\GITHUB\HEROFALL\HEROFALL\DEBUG\LEVELMANAGER.OBJ
C:\USERS\AXEL\DOCUMENTS\GITHUB\HEROFALL\HEROFALL\DEBUG\LEVELOBJECT.OBJ
C:\USERS\AXEL\DOCUMENTS\GITHUB\HEROFALL\HEROFALL\DEBUG\LEVELOBJECTPLATTFORM.OBJ
C:\USERS\AXEL\DOCUMENTS\GITHUB\HEROFALL\HEROFALL\DEBUG\LEVELOBJECTRECTANGLE.OBJ
C:\USERS\AXEL\DOCUMENTS\GITHUB\HEROFALL\HEROFALL\DEBUG\MAIN.OBJ
C:\USERS\AXEL\DOCUMENTS\GITHUB\HEROFALL\HEROFALL\DEBUG\MENUS.OBJ
C:\USERS\AXEL\DOCUMENTS\GITHUB\HEROFALL\HEROFALL\DEBUG\PLAYER.OBJ
C:\USERS\AXEL\DOCUMENTS\GITHUB\HEROFALL\HEROFALL\DEBUG\SETTINGSMANAGER.OBJ
C:\USERS\AXEL\DOCUMENTS\GITHUB\HEROFALL\HEROFALL\DEBUG\SETTINGSOBJECT.OBJ
C:\USERS\AXEL\DOCUMENTS\GITHUB\HEROFALL\HEROFALL\DEBUG\SPRITE.OBJ
C:\USERS\AXEL\DOCUMENTS\GITHUB\HEROFALL\HEROFALL\DEBUG\SPRITESHEET.OBJ
C:\USERS\AXEL\DOCUMENTS\GITHUB\HEROFALL\HEROFALL\DEBUG\SPRITESHEETLOADER.OBJ
C:\USERS\AXEL\DOCUMENTS\GITHUB\HEROFALL\HEROFALL\DEBUG\STATEMANAGER.OBJ
C:\USERS\AXEL\DOCUMENTS\GITHUB\HEROFALL\HEROFALL\DEBUG\UIBUTTON.OBJ
C:\USERS\AXEL\DOCUMENTS\GITHUB\HEROFALL\HEROFALL\DEBUG\UTIL.OBJ
C:\USERS\AXEL\DOCUMENTS\GITHUB\HEROFALL\HEROFALL\DEBUG\VC100.PDB
