Build started 2013-04-25 12:09:48.
     1>Project "C:\Users\Axel\Documents\GitHub\HeroFall\HeroFall\MMOExperiance.vcxproj" on node 2 (rebuild target(s)).
     1>_PrepareForClean:
         Deleting file "Debug\HeroFall.lastbuildstate".
       InitializeBuildStatus:
         Creating "Debug\HeroFall.unsuccessfulbuild" because "AlwaysCreate" was specified.
       ClCompile:
         c:\Program Files (x86)\Microsoft Visual Studio 10.0\VC\bin\CL.exe /c /ZI /nologo /W3 /WX- /Od /Oy- /D SFML_DYNAMIC /D WIN32 /D _CONSOLE /D _UNICODE /D UNICODE /Gm- /EHsc /RTC1 /MDd /GS /fp:precise /Zc:wchar_t /Zc:forScope /Fo"Debug\\" /Fd"Debug\vc100.pdb" /Gd /TP /analyze- /errorReport:prompt Animation.cpp AnimationManager.cpp AudioAssetsPathLoader.cpp AudioLoader.cpp AudioMixer.cpp Character.cpp Enemy.cpp EnemyGoblin.cpp EnemyPlaceholder.cpp EnemyShooter.cpp EnemyTroll.cpp Game.cpp GameObject.cpp GameOver.cpp InputManager.cpp LevelManager.cpp LevelObject.cpp LevelObjectPlattform.cpp LevelObjectRectangle.cpp main.cpp Menus.cpp Player.cpp SettingsManager.cpp SettingsObject.cpp Sprite.cpp SpriteSheet.cpp SpriteSheetLoader.cpp StateManager.cpp UIButton.cpp Util.cpp
         Animation.cpp
         AnimationManager.cpp
         AudioAssetsPathLoader.cpp
         AudioLoader.cpp
         AudioMixer.cpp
         Character.cpp
         Enemy.cpp
         EnemyGoblin.cpp
         EnemyPlaceholder.cpp
         EnemyShooter.cpp
         EnemyTroll.cpp
         Game.cpp
         GameObject.cpp
         GameOver.cpp
         InputManager.cpp
         LevelManager.cpp
         LevelObject.cpp
         LevelObjectPlattform.cpp
         LevelObjectRectangle.cpp
         main.cpp
         Generating Code...
         Compiling...
         Menus.cpp
         Player.cpp
         SettingsManager.cpp
         SettingsObject.cpp
         Sprite.cpp
         SpriteSheet.cpp
         SpriteSheetLoader.cpp
         StateManager.cpp
         UIButton.cpp
         Util.cpp
         Generating Code...
       Link:
         c:\Program Files (x86)\Microsoft Visual Studio 10.0\VC\bin\link.exe /ERRORREPORT:PROMPT /OUT:"C:\Users\Axel\Documents\GitHub\HeroFall\HeroFall\Debug\HeroFall.exe" /NOLOGO "sfml-audio-d.lib" "sfml-graphics-d.lib" "sfml-main-d.lib" "sfml-network-d.lib" "sfml-system-d.lib" "sfml-window-d.lib" kernel32.lib user32.lib gdi32.lib winspool.lib comdlg32.lib advapi32.lib shell32.lib ole32.lib oleaut32.lib uuid.lib odbc32.lib odbccp32.lib /MANIFEST /ManifestFile:"Debug\HeroFall.exe.intermediate.manifest" /MANIFESTUAC:"level='asInvoker' uiAccess='false'" /DEBUG /PDB:"C:\Users\Axel\Documents\GitHub\HeroFall\HeroFall\Debug\HeroFall.pdb" /TLBID:1 /DYNAMICBASE /NXCOMPAT /IMPLIB:"C:\Users\Axel\Documents\GitHub\HeroFall\HeroFall\Debug\HeroFall.lib" /MACHINE:X86 Debug\Animation.obj
         Debug\AnimationManager.obj
         Debug\AudioAssetsPathLoader.obj
         Debug\AudioLoader.obj
         Debug\AudioMixer.obj
         Debug\Character.obj
         Debug\Enemy.obj
         Debug\EnemyGoblin.obj
         Debug\EnemyPlaceholder.obj
         Debug\EnemyShooter.obj
         Debug\EnemyTroll.obj
         Debug\Game.obj
         Debug\GameObject.obj
         Debug\GameOver.obj
         Debug\InputManager.obj
         Debug\LevelManager.obj
         Debug\LevelObject.obj
         Debug\LevelObjectPlattform.obj
         Debug\LevelObjectRectangle.obj
         Debug\main.obj
         Debug\Menus.obj
         Debug\Player.obj
         Debug\SettingsManager.obj
         Debug\SettingsObject.obj
         Debug\Sprite.obj
         Debug\SpriteSheet.obj
         Debug\SpriteSheetLoader.obj
         Debug\StateManager.obj
         Debug\UIButton.obj
         Debug\Util.obj
         MMOExperiance.vcxproj -> C:\Users\Axel\Documents\GitHub\HeroFall\HeroFall\Debug\HeroFall.exe
       Manifest:
         c:\Program Files (x86)\Microsoft SDKs\Windows\v7.0A\bin\mt.exe /nologo /verbose /outputresource:"C:\Users\Axel\Documents\GitHub\HeroFall\HeroFall\Debug\HeroFall.exe;#1" /manifest Debug\HeroFall.exe.intermediate.manifest
       FinalizeBuildStatus:
         Deleting file "Debug\HeroFall.unsuccessfulbuild".
         Touching "Debug\HeroFall.lastbuildstate".
     1>Done Building Project "C:\Users\Axel\Documents\GitHub\HeroFall\HeroFall\MMOExperiance.vcxproj" (rebuild target(s)).

Build succeeded.

Time Elapsed 00:00:25.08
