C:\USERS\AXEL\DOCUMENTS\GITHUB\HEROFALL\HEROFALL\RELEASE\ANIMATION.OBJ
C:\USERS\AXEL\DOCUMENTS\GITHUB\HEROFALL\HEROFALL\RELEASE\ANIMATIONMANAGER.OBJ
C:\USERS\AXEL\DOCUMENTS\GITHUB\HEROFALL\HEROFALL\RELEASE\AUDIOASSETSPATHLOADER.OBJ
C:\USERS\AXEL\DOCUMENTS\GITHUB\HEROFALL\HEROFALL\RELEASE\AUDIOLOADER.OBJ
C:\USERS\AXEL\DOCUMENTS\GITHUB\HEROFALL\HEROFALL\RELEASE\AUDIOMIXER.OBJ
C:\USERS\AXEL\DOCUMENTS\GITHUB\HEROFALL\HEROFALL\RELEASE\CHARACTER.OBJ
C:\Users\Axel\Documents\GitHub\HeroFall\HeroFall\Release\cl.command.1.tlog
C:\Users\Axel\Documents\GitHub\HeroFall\HeroFall\Release\CL.read.1.tlog
C:\Users\Axel\Documents\GitHub\HeroFall\HeroFall\Release\CL.write.1.tlog
C:\USERS\AXEL\DOCUMENTS\GITHUB\HEROFALL\HEROFALL\RELEASE\ENEMY.OBJ
C:\USERS\AXEL\DOCUMENTS\GITHUB\HEROFALL\HEROFALL\RELEASE\ENEMYBOMB.OBJ
C:\USERS\AXEL\DOCUMENTS\GITHUB\HEROFALL\HEROFALL\RELEASE\ENEMYGOBLIN.OBJ
C:\USERS\AXEL\DOCUMENTS\GITHUB\HEROFALL\HEROFALL\RELEASE\ENEMYPLACEHOLDER.OBJ
C:\USERS\AXEL\DOCUMENTS\GITHUB\HEROFALL\HEROFALL\RELEASE\ENEMYSHOOTER.OBJ
C:\USERS\AXEL\DOCUMENTS\GITHUB\HEROFALL\HEROFALL\RELEASE\ENEMYTROLL.OBJ
C:\USERS\AXEL\DOCUMENTS\GITHUB\HEROFALL\HEROFALL\RELEASE\GAME.OBJ
C:\USERS\AXEL\DOCUMENTS\GITHUB\HEROFALL\HEROFALL\RELEASE\GAMEOBJECT.OBJ
C:\USERS\AXEL\DOCUMENTS\GITHUB\HEROFALL\HEROFALL\RELEASE\GAMEOVER.OBJ
C:\USERS\AXEL\DOCUMENTS\GITHUB\HEROFALL\HEROFALL\RELEASE\HEROFALL.EXE
C:\USERS\AXEL\DOCUMENTS\GITHUB\HEROFALL\HEROFALL\RELEASE\HEROFALL.EXE.INTERMEDIATE.MANIFEST
C:\USERS\AXEL\DOCUMENTS\GITHUB\HEROFALL\HEROFALL\RELEASE\HEROFALL.PDB
C:\USERS\AXEL\DOCUMENTS\GITHUB\HEROFALL\HEROFALL\RELEASE\INPUTMANAGER.OBJ
C:\USERS\AXEL\DOCUMENTS\GITHUB\HEROFALL\HEROFALL\RELEASE\LEVELMANAGER.OBJ
C:\USERS\AXEL\DOCUMENTS\GITHUB\HEROFALL\HEROFALL\RELEASE\LEVELOBJECT.OBJ
C:\USERS\AXEL\DOCUMENTS\GITHUB\HEROFALL\HEROFALL\RELEASE\LEVELOBJECTPLATTFORM.OBJ
C:\USERS\AXEL\DOCUMENTS\GITHUB\HEROFALL\HEROFALL\RELEASE\LEVELOBJECTRECTANGLE.OBJ
C:\Users\Axel\Documents\GitHub\HeroFall\HeroFall\Release\link.command.1.tlog
C:\Users\Axel\Documents\GitHub\HeroFall\HeroFall\Release\link.read.1.tlog
C:\Users\Axel\Documents\GitHub\HeroFall\HeroFall\Release\link.write.1.tlog
C:\USERS\AXEL\DOCUMENTS\GITHUB\HEROFALL\HEROFALL\RELEASE\MAIN.OBJ
C:\USERS\AXEL\DOCUMENTS\GITHUB\HEROFALL\HEROFALL\RELEASE\MENUS.OBJ
C:\Users\Axel\Documents\GitHub\HeroFall\HeroFall\Release\mt.command.1.tlog
C:\Users\Axel\Documents\GitHub\HeroFall\HeroFall\Release\mt.read.1.tlog
C:\Users\Axel\Documents\GitHub\HeroFall\HeroFall\Release\mt.write.1.tlog
C:\USERS\AXEL\DOCUMENTS\GITHUB\HEROFALL\HEROFALL\RELEASE\PLAYER.OBJ
C:\USERS\AXEL\DOCUMENTS\GITHUB\HEROFALL\HEROFALL\RELEASE\SETTINGSMANAGER.OBJ
C:\USERS\AXEL\DOCUMENTS\GITHUB\HEROFALL\HEROFALL\RELEASE\SETTINGSOBJECT.OBJ
C:\USERS\AXEL\DOCUMENTS\GITHUB\HEROFALL\HEROFALL\RELEASE\SPRITE.OBJ
C:\USERS\AXEL\DOCUMENTS\GITHUB\HEROFALL\HEROFALL\RELEASE\SPRITESHEET.OBJ
C:\USERS\AXEL\DOCUMENTS\GITHUB\HEROFALL\HEROFALL\RELEASE\SPRITESHEETLOADER.OBJ
C:\USERS\AXEL\DOCUMENTS\GITHUB\HEROFALL\HEROFALL\RELEASE\STATEMANAGER.OBJ
C:\USERS\AXEL\DOCUMENTS\GITHUB\HEROFALL\HEROFALL\RELEASE\SWORDBEHAVIOR.OBJ
C:\USERS\AXEL\DOCUMENTS\GITHUB\HEROFALL\HEROFALL\RELEASE\SWORDBEHAVIORFIRERUSH.OBJ
C:\USERS\AXEL\DOCUMENTS\GITHUB\HEROFALL\HEROFALL\RELEASE\SWORDBEHAVIORUPANDDOWN.OBJ
C:\USERS\AXEL\DOCUMENTS\GITHUB\HEROFALL\HEROFALL\RELEASE\UIBUTTON.OBJ
C:\USERS\AXEL\DOCUMENTS\GITHUB\HEROFALL\HEROFALL\RELEASE\UTIL.OBJ
C:\USERS\AXEL\DOCUMENTS\GITHUB\HEROFALL\HEROFALL\RELEASE\VC100.PDB
