Build started 2013-04-15 14:53:34.
     1>Project "C:\Users\Axel\Dropbox\Programmering\C++\Skolarbeten\År 1\VT13.2\HeroFall\MMOExperiance.vcxproj" on node 2 (build target(s)).
     1>InitializeBuildStatus:
         Touching "Release\HeroFall.unsuccessfulbuild".
       ClCompile:
         c:\Program Files (x86)\Microsoft Visual Studio 10.0\VC\bin\CL.exe /c /I"C:\Users\Axel\Dropbox\Programmering\C++\Skolarbeten\År 1\VT13.2\HeroFall\include" /Zi /nologo /W3 /WX- /O2 /Oi /Oy- /GL /D WIN32 /D NDEBUG /D _CONSOLE /D _UNICODE /D UNICODE /Gm- /EHsc /MD /GS /Gy /fp:precise /Zc:wchar_t /Zc:forScope /Fo"Release\\" /Fd"Release\vc100.pdb" /Gd /TP /analyze- /errorReport:prompt Player.cpp
         Player.cpp
       Link:
         c:\Program Files (x86)\Microsoft Visual Studio 10.0\VC\bin\link.exe /ERRORREPORT:PROMPT /OUT:"C:\Users\Axel\Dropbox\Programmering\C++\Skolarbeten\År 1\VT13.2\HeroFall\Release\HeroFall.exe" /INCREMENTAL:NO /NOLOGO /LIBPATH:"C:\Users\Axel\Dropbox\Programmering\C++\Skolarbeten\År 1\VT13.2\HeroFall\lib" "sfml-audio.lib" "sfml-graphics.lib" "sfml-main.lib" "sfml-network.lib" "sfml-system.lib" "sfml-window.lib" kernel32.lib user32.lib gdi32.lib winspool.lib comdlg32.lib advapi32.lib shell32.lib ole32.lib oleaut32.lib uuid.lib odbc32.lib odbccp32.lib /MANIFEST /ManifestFile:"Release\HeroFall.exe.intermediate.manifest" /MANIFESTUAC:"level='asInvoker' uiAccess='false'" /DEBUG /PDB:"C:\Users\Axel\Dropbox\Programmering\C++\Skolarbeten\År 1\VT13.2\HeroFall\Release\HeroFall.pdb" /SUBSYSTEM:CONSOLE /OPT:REF /OPT:ICF /LTCG /TLBID:1 /DYNAMICBASE /NXCOMPAT /IMPLIB:"C:\Users\Axel\Dropbox\Programmering\C++\Skolarbeten\År 1\VT13.2\HeroFall\Release\HeroFall.lib" /MACHINE:X86 Release\Animation.obj
         Release\Character.obj
         Release\Enemy.obj
         Release\EnemyPlaceholder.obj
         Release\Game.obj
         Release\GameObject.obj
         Release\InputManager.obj
         Release\LevelManager.obj
         Release\LevelObject.obj
         Release\LevelObjectRectangle.obj
         Release\main.obj
         Release\Player.obj
         Release\SettingsManager.obj
         Release\SettingsObject.obj
         Release\Sprite.obj
         Release\SpriteSheet.obj
         Release\SpriteSheetLoader.obj
         Release\Util.obj
         Generating code
         Finished generating code
         MMOExperiance.vcxproj -> C:\Users\Axel\Dropbox\Programmering\C++\Skolarbeten\År 1\VT13.2\HeroFall\Release\HeroFall.exe
       Manifest:
         c:\Program Files (x86)\Microsoft SDKs\Windows\v7.0A\bin\mt.exe /nologo /verbose /outputresource:"C:\Users\Axel\Dropbox\Programmering\C++\Skolarbeten\År 1\VT13.2\HeroFall\Release\HeroFall.exe;#1" /manifest Release\HeroFall.exe.intermediate.manifest
       FinalizeBuildStatus:
         Deleting file "Release\HeroFall.unsuccessfulbuild".
         Touching "Release\HeroFall.lastbuildstate".
     1>Done Building Project "C:\Users\Axel\Dropbox\Programmering\C++\Skolarbeten\År 1\VT13.2\HeroFall\MMOExperiance.vcxproj" (build target(s)).

Build succeeded.

Time Elapsed 00:00:02.50
